#
# A fatal error has been detected by the Java Runtime Environment:
#
#  SIGSEGV (0xb) at pc=0x00007ff937373206, pid=851337, tid=851372
#
# JRE version: OpenJDK Runtime Environment (17.0+35) (build 17+35-Ubuntu-120.04)
# Java VM: OpenJDK 64-Bit Server VM (17+35-Ubuntu-120.04, mixed mode, sharing, tiered, compressed oops, compressed class ptrs, g1 gc, linux-amd64)
# Problematic frame:
# V  [libjvm.so+0x106c206]
#
# Core dump will be written. Default location: Core dumps may be processed with "/usr/share/apport/apport %p %s %c %d %P %E" (or dumping to /home/coffbr01/dev/valpower/core.851337)
#
# If you would like to submit a bug report, please visit:
#   Unknown
#

---------------  S U M M A R Y ------------

Command Line: -Dmaven.home=/home/coffbr01/dev -Dmaven.multiModuleProjectDirectory=/home/coffbr01/dev/valpower org.apache.maven.wrapper.MavenWrapperMain clean install

Host: AMD Ryzen 5 5600X 6-Core Processor, 12 cores, 31G, Ubuntu 20.04.3 LTS
Time: Wed Nov  3 23:49:15 2021 CDT elapsed time: 0.456088 seconds (0d 0h 0m 0s)

---------------  T H R E A D  ---------------

Current thread (0x00007ff8e8006430):  GCTaskThread "GC Thread#1" [stack: 0x00007ff8ee01c000,0x00007ff8ee11c000] [id=851372]

Stack: [0x00007ff8ee01c000,0x00007ff8ee11c000],  sp=0x00007ff8ee11aaa8,  free space=1018k
Native frames: (J=compiled Java code, j=interpreted, Vv=VM code, C=native code)
V  [libjvm.so+0x106c206]
V  [libjvm.so+0x749ffa]
V  [libjvm.so+0x74b37a]
V  [libjvm.so+0x7008d2]
V  [libjvm.so+0x7045f9]
V  [libjvm.so+0x702238]
V  [libjvm.so+0xf90957]
V  [libjvm.so+0xf909b3]
V  [libjvm.so+0xedd522]
V  [libjvm.so+0xc2ef49]


siginfo: si_signo: 11 (SIGSEGV), si_code: 2 (SEGV_ACCERR), si_addr: 0x00007ff937373206

Register to memory mapping:

RAX=0x00007ff93766d0e0: <offset 0x00000000013660e0> in /usr/lib/jvm/java-17-openjdk-amd64/lib/server/libjvm.so at 0x00007ff936307000
RBX=0x0000000629137a90 points into unknown readable memory: 0x0000000629137a93 | 93 7a 13 29 06 00 00 00
RCX=0x0000000000007ff9 is an unknown value
RDX=0x0000000800ca6820 is pointing into metadata
RSP=0x00007ff8ee11aaa8 points into unknown readable memory: 0x00007ff936a4c7c1 | c1 c7 a4 36 f9 7f 00 00
RBP=0x00007ff8ee11aaf0 points into unknown readable memory: 0x00007ff8ee11ab90 | 90 ab 11 ee f8 7f 00 00
RSI=0x0000000629137a90 points into unknown readable memory: 0x0000000629137a93 | 93 7a 13 29 06 00 00 00
RDI=0x00007ff8b4001bc0 points into unknown readable memory: 0x00007ff9375784c8 | c8 84 57 37 f9 7f 00 00
R8 =0x0000000000000001 is an unknown value
R9 =0x0 is NULL
R10=0x00007ff937627310: <offset 0x0000000001320310> in /usr/lib/jvm/java-17-openjdk-amd64/lib/server/libjvm.so at 0x00007ff936307000
R11=0x0 is NULL
R12=0x0000000000000009 is an unknown value
R13=0x00007ff8b4001a40 points into unknown readable memory: 0x00007ff937578508 | 08 85 57 37 f9 7f 00 00
R14=0x00007ff930111520 points into unknown readable memory: 0x0000000629000000 | 00 00 00 29 06 00 00 00
R15=0x00007ff93766dfad: <offset 0x0000000001366fad> in /usr/lib/jvm/java-17-openjdk-amd64/lib/server/libjvm.so at 0x00007ff936307000


Registers:
RAX=0x00007ff93766d0e0, RBX=0x0000000629137a90, RCX=0x0000000000007ff9, RDX=0x0000000800ca6820
RSP=0x00007ff8ee11aaa8, RBP=0x00007ff8ee11aaf0, RSI=0x0000000629137a90, RDI=0x00007ff8b4001bc0
R8 =0x0000000000000001, R9 =0x0000000000000000, R10=0x00007ff937627310, R11=0x0000000000000000
R12=0x0000000000000009, R13=0x00007ff8b4001a40, R14=0x00007ff930111520, R15=0x00007ff93766dfad
RIP=0x00007ff937373206, EFLAGS=0x0000000000010202, CSGSFS=0x002b000000000033, ERR=0x0000000000000015
  TRAPNO=0x000000000000000e

Top of Stack: (sp=0x00007ff8ee11aaa8)
0x00007ff8ee11aaa8:   00007ff936a4c7c1 0000000000000000
0x00007ff8ee11aab8:   000000060b55d250 00007ff8ee11ab30
0x00007ff8ee11aac8:   0000000006ec324b 00007ff8b4001a40
0x00007ff8ee11aad8:   000000060b55d261 0000000629137a90 

Instructions: (pc=0x00007ff937373206)
0x00007ff937373106:   00 00 05 00 00 00 00 00 00 00 04 00 00 00 00 00
0x00007ff937373116:   00 00 03 00 00 00 00 00 00 00 02 00 00 00 00 00
0x00007ff937373126:   00 00 01 00 00 00 00 00 00 00 00 00 00 00 00 00
0x00007ff937373136:   00 00 ff ff ff ff ff ff ff ff ff ff ff ff ff ff
0x00007ff937373146:   ff ff 0f 00 00 00 00 00 00 00 0e 00 00 00 00 00
0x00007ff937373156:   00 00 0d 00 00 00 00 00 00 00 0c 00 00 00 00 00
0x00007ff937373166:   00 00 0b 00 00 00 00 00 00 00 0a 00 00 00 00 00
0x00007ff937373176:   00 00 09 00 00 00 00 00 00 00 08 00 00 00 00 00
0x00007ff937373186:   00 00 07 00 00 00 00 00 00 00 06 00 00 00 00 00
0x00007ff937373196:   00 00 05 00 00 00 00 00 00 00 04 00 00 00 00 00
0x00007ff9373731a6:   00 00 03 00 00 00 00 00 00 00 02 00 00 00 00 00
0x00007ff9373731b6:   00 00 01 00 00 00 00 00 00 00 00 00 00 00 00 00
0x00007ff9373731c6:   00 00 ff ff ff ff ff ff ff ff 73 74 30 00 73 74
0x00007ff9373731d6:   31 00 73 74 32 00 73 74 33 00 73 74 34 00 73 74
0x00007ff9373731e6:   35 00 73 74 36 00 73 74 37 00 78 6e 6f 72 65 67
0x00007ff9373731f6:   00 78 6d 6d 30 00 78 6d 6d 31 00 78 6d 6d 32 00
0x00007ff937373206:   78 6d 6d 33 00 78 6d 6d 34 00 78 6d 6d 35 00 78
0x00007ff937373216:   6d 6d 36 00 78 6d 6d 37 00 78 6d 6d 38 00 78 6d
0x00007ff937373226:   6d 39 00 78 6d 6d 31 30 00 78 6d 6d 31 31 00 78
0x00007ff937373236:   6d 6d 31 32 00 78 6d 6d 31 33 00 78 6d 6d 31 34
0x00007ff937373246:   00 78 6d 6d 31 35 00 78 6d 6d 31 36 00 78 6d 6d
0x00007ff937373256:   31 37 00 78 6d 6d 31 38 00 78 6d 6d 31 39 00 78
0x00007ff937373266:   6d 6d 32 30 00 78 6d 6d 32 31 00 78 6d 6d 32 32
0x00007ff937373276:   00 78 6d 6d 32 33 00 78 6d 6d 32 34 00 78 6d 6d
0x00007ff937373286:   32 35 00 78 6d 6d 32 36 00 78 6d 6d 32 37 00 78
0x00007ff937373296:   6d 6d 32 38 00 78 6d 6d 32 39 00 78 6d 6d 33 30
0x00007ff9373732a6:   00 78 6d 6d 33 31 00 78 6d 6d 30 3a 30 00 78 6d
0x00007ff9373732b6:   6d 30 3a 31 00 78 6d 6d 30 3a 32 00 78 6d 6d 30
0x00007ff9373732c6:   3a 33 00 78 6d 6d 30 3a 34 00 78 6d 6d 30 3a 35
0x00007ff9373732d6:   00 78 6d 6d 30 3a 36 00 78 6d 6d 30 3a 37 00 78
0x00007ff9373732e6:   6d 6d 31 3a 30 00 78 6d 6d 31 3a 31 00 78 6d 6d
0x00007ff9373732f6:   31 3a 32 00 78 6d 6d 31 3a 33 00 78 6d 6d 31 3a 


Stack slot to memory mapping:
stack at sp + 0 slots: 0x00007ff936a4c7c1: <offset 0x00000000007457c1> in /usr/lib/jvm/java-17-openjdk-amd64/lib/server/libjvm.so at 0x00007ff936307000
stack at sp + 1 slots: 0x0 is NULL
stack at sp + 2 slots: 0x000000060b55d250 is an oop: org.eclipse.sisu.plexus.RequirementImpl 
{0x000000060b55d250} - klass: 'org/eclipse/sisu/plexus/RequirementImpl'
 - ---- fields (total size 4 words):
 - private final 'optional' 'Z' @12  false
 - private final 'role' 'Lorg/eclipse/sisu/inject/DeferredClass;' @16  
[error occurred during error reporting (inspecting top of stack), id 0xb, SIGSEGV (0xb) at pc=0x00007ff936f1da8a]


---------------  P R O C E S S  ---------------

Threads class SMR info:
_java_thread_list=0x00007ff8c82607d0, length=13, elements={
0x00007ff930012660, 0x00007ff93014e120, 0x00007ff93014f500, 0x00007ff9301545d0,
0x00007ff930155980, 0x00007ff930156d90, 0x00007ff930158740, 0x00007ff930159c70,
0x00007ff9301630d0, 0x00007ff93016a7f0, 0x00007ff93016e040, 0x00007ff8c80bb050,
0x00007ff8c825f7e0
}

Java Threads: ( => current thread )
  0x00007ff930012660 JavaThread "main" [_thread_blocked, id=851352, stack(0x00007ff935eba000,0x00007ff935fbb000)]
  0x00007ff93014e120 JavaThread "Reference Handler" daemon [_thread_blocked, id=851359, stack(0x00007ff9046ba000,0x00007ff9047bb000)]
  0x00007ff93014f500 JavaThread "Finalizer" daemon [_thread_blocked, id=851360, stack(0x00007ff9045b9000,0x00007ff9046ba000)]
  0x00007ff9301545d0 JavaThread "Signal Dispatcher" daemon [_thread_blocked, id=851361, stack(0x00007ff9044b8000,0x00007ff9045b9000)]
  0x00007ff930155980 JavaThread "Service Thread" daemon [_thread_blocked, id=851362, stack(0x00007ff9043b7000,0x00007ff9044b8000)]
  0x00007ff930156d90 JavaThread "Monitor Deflation Thread" daemon [_thread_blocked, id=851363, stack(0x00007ff9042b6000,0x00007ff9043b7000)]
  0x00007ff930158740 JavaThread "C2 CompilerThread0" daemon [_thread_blocked, id=851364, stack(0x00007ff9041b5000,0x00007ff9042b6000)]
  0x00007ff930159c70 JavaThread "C1 CompilerThread0" daemon [_thread_blocked, id=851365, stack(0x00007ff9040b4000,0x00007ff9041b5000)]
  0x00007ff9301630d0 JavaThread "Sweeper thread" daemon [_thread_blocked, id=851366, stack(0x00007ff8efeff000,0x00007ff8f0000000)]
  0x00007ff93016a7f0 JavaThread "Notification Thread" daemon [_thread_blocked, id=851367, stack(0x00007ff8efdfe000,0x00007ff8efeff000)]
  0x00007ff93016e040 JavaThread "Common-Cleaner" daemon [_thread_blocked, id=851369, stack(0x00007ff8ee521000,0x00007ff8ee622000)]
  0x00007ff8c80bb050 JavaThread "C2 CompilerThread1" daemon [_thread_blocked, id=851370, stack(0x00007ff8ee420000,0x00007ff8ee521000)]
  0x00007ff8c825f7e0 JavaThread "C2 CompilerThread2" daemon [_thread_blocked, id=851371, stack(0x00007ff8ee11c000,0x00007ff8ee21d000)]

Other Threads:
  0x00007ff93014a200 VMThread "VM Thread" [stack: 0x00007ff9047bd000,0x00007ff9048bd000] [id=851358]
  0x00007ff93016c130 WatcherThread [stack: 0x00007ff8efcfe000,0x00007ff8efdfe000] [id=851368]
  0x00007ff930049040 GCTaskThread "GC Thread#0" [stack: 0x00007ff934117000,0x00007ff934217000] [id=851353]
=>0x00007ff8e8006430 GCTaskThread "GC Thread#1" [stack: 0x00007ff8ee01c000,0x00007ff8ee11c000] [id=851372]
  0x00007ff8e8006e60 GCTaskThread "GC Thread#2" [stack: 0x00007ff8edf1a000,0x00007ff8ee01a000] [id=851373]
  0x00007ff8e8007890 GCTaskThread "GC Thread#3" [stack: 0x00007ff8ede18000,0x00007ff8edf18000] [id=851374]
  0x00007ff8e80086b0 GCTaskThread "GC Thread#4" [stack: 0x00007ff8edd16000,0x00007ff8ede16000] [id=851375]
  0x00007ff8e80094d0 GCTaskThread "GC Thread#5" [stack: 0x00007ff8edc14000,0x00007ff8edd14000] [id=851376]
  0x00007ff8e800a2f0 GCTaskThread "GC Thread#6" [stack: 0x00007ff8edb12000,0x00007ff8edc12000] [id=851377]
  0x00007ff8e800b150 GCTaskThread "GC Thread#7" [stack: 0x00007ff8eda10000,0x00007ff8edb10000] [id=851378]
  0x00007ff8e800bfb0 GCTaskThread "GC Thread#8" [stack: 0x00007ff8ed90e000,0x00007ff8eda0e000] [id=851379]
  0x00007ff8e800ce10 GCTaskThread "GC Thread#9" [stack: 0x00007ff8ed80c000,0x00007ff8ed90c000] [id=851380]
  0x00007ff93005a0a0 ConcurrentGCThread "G1 Main Marker" [stack: 0x00007ff934015000,0x00007ff934115000] [id=851354]
  0x00007ff93005b000 ConcurrentGCThread "G1 Conc#0" [stack: 0x00007ff9076ba000,0x00007ff9077ba000] [id=851355]
  0x00007ff930119820 ConcurrentGCThread "G1 Refine#0" [stack: 0x00007ff904bae000,0x00007ff904cae000] [id=851356]
  0x00007ff93011a710 ConcurrentGCThread "G1 Service" [stack: 0x00007ff904aac000,0x00007ff904bac000] [id=851357]

Threads with active compile tasks:
C1 CompilerThread0      458 1601       3       com.google.common.collect.AbstractSetMultimap::asMap (5 bytes)

VM state: at safepoint (normal execution)

VM Mutex/Monitor currently owned by a thread:  ([mutex/lock_event])
[0x00007ff93000f1d0] Threads_lock - owner thread: 0x00007ff93014a200
[0x00007ff93000f980] Heap_lock - owner thread: 0x00007ff930012660

Heap address: 0x000000060b400000, size: 8012 MB, Compressed Oops mode: Zero based, Oop shift amount: 3

CDS archive(s) mapped at: [0x0000000800000000-0x0000000800bdb000-0x0000000800bdb000), size 12431360, SharedBaseAddress: 0x0000000800000000, ArchiveRelocationMode: 0.
Compressed class space mapped at: 0x0000000800c00000-0x0000000840c00000, reserved size: 1073741824
Narrow klass base: 0x0000000800000000, Narrow klass shift: 0, Narrow klass range: 0x100000000

GC Precious Log:
 CPUs: 12 total, 12 available
 Memory: 32035M
 Large Page Support: Disabled
 NUMA Support: Disabled
 Compressed Oops: Enabled (Zero based)
 Heap Region Size: 4M
 Heap Min Capacity: 8M
 Heap Initial Capacity: 504M
 Heap Max Capacity: 8012M
 Pre-touch: Disabled
 Parallel Workers: 10
 Concurrent Workers: 3
 Concurrent Refinement Workers: 10
 Periodic GC: Disabled

Heap:
 garbage-first heap   total 524288K, used 36041K [0x000000060b400000, 0x0000000800000000)
  region size 4096K, 8 young (32768K), 1 survivors (4096K)
 Metaspace       used 10346K, committed 10496K, reserved 1064960K
  class space    used 1287K, committed 1344K, reserved 1048576K

Heap Regions: E=young(eden), S=young(survivor), O=old, HS=humongous(starts), HC=humongous(continues), CS=collection set, F=free, OA=open archive, CA=closed archive, TAMS=top-at-mark-start (previous, next)
|   0|0x000000060b400000, 0x000000060b800000, 0x000000060b800000|100%| O|  |TAMS 0x000000060b400000, 0x000000060b400000| Untracked 
|   1|0x000000060b800000, 0x000000060b9952c0, 0x000000060bc00000| 39%| O|  |TAMS 0x000000060b800000, 0x000000060b800000| Untracked 
|   2|0x000000060bc00000, 0x000000060bc00000, 0x000000060c000000|  0%| F|  |TAMS 0x000000060bc00000, 0x000000060bc00000| Untracked 
|   3|0x000000060c000000, 0x000000060c000000, 0x000000060c400000|  0%| F|  |TAMS 0x000000060c000000, 0x000000060c000000| Untracked 
|   4|0x000000060c400000, 0x000000060c400000, 0x000000060c800000|  0%| F|  |TAMS 0x000000060c400000, 0x000000060c400000| Untracked 
|   5|0x000000060c800000, 0x000000060c800000, 0x000000060cc00000|  0%| F|  |TAMS 0x000000060c800000, 0x000000060c800000| Untracked 
|   6|0x000000060cc00000, 0x000000060cc00000, 0x000000060d000000|  0%| F|  |TAMS 0x000000060cc00000, 0x000000060cc00000| Untracked 
|   7|0x000000060d000000, 0x000000060d000000, 0x000000060d400000|  0%| F|  |TAMS 0x000000060d000000, 0x000000060d000000| Untracked 
|   8|0x000000060d400000, 0x000000060d400000, 0x000000060d800000|  0%| F|  |TAMS 0x000000060d400000, 0x000000060d400000| Untracked 
|   9|0x000000060d800000, 0x000000060d800000, 0x000000060dc00000|  0%| F|  |TAMS 0x000000060d800000, 0x000000060d800000| Untracked 
|  10|0x000000060dc00000, 0x000000060dc00000, 0x000000060e000000|  0%| F|  |TAMS 0x000000060dc00000, 0x000000060dc00000| Untracked 
|  11|0x000000060e000000, 0x000000060e000000, 0x000000060e400000|  0%| F|  |TAMS 0x000000060e000000, 0x000000060e000000| Untracked 
|  12|0x000000060e400000, 0x000000060e400000, 0x000000060e800000|  0%| F|  |TAMS 0x000000060e400000, 0x000000060e400000| Untracked 
|  13|0x000000060e800000, 0x000000060e800000, 0x000000060ec00000|  0%| F|  |TAMS 0x000000060e800000, 0x000000060e800000| Untracked 
|  14|0x000000060ec00000, 0x000000060ec00000, 0x000000060f000000|  0%| F|  |TAMS 0x000000060ec00000, 0x000000060ec00000| Untracked 
|  15|0x000000060f000000, 0x000000060f000000, 0x000000060f400000|  0%| F|  |TAMS 0x000000060f000000, 0x000000060f000000| Untracked 
|  16|0x000000060f400000, 0x000000060f400000, 0x000000060f800000|  0%| F|  |TAMS 0x000000060f400000, 0x000000060f400000| Untracked 
|  17|0x000000060f800000, 0x000000060f800000, 0x000000060fc00000|  0%| F|  |TAMS 0x000000060f800000, 0x000000060f800000| Untracked 
|  18|0x000000060fc00000, 0x000000060fc00000, 0x0000000610000000|  0%| F|  |TAMS 0x000000060fc00000, 0x000000060fc00000| Untracked 
|  19|0x0000000610000000, 0x0000000610000000, 0x0000000610400000|  0%| F|  |TAMS 0x0000000610000000, 0x0000000610000000| Untracked 
|  20|0x0000000610400000, 0x0000000610400000, 0x0000000610800000|  0%| F|  |TAMS 0x0000000610400000, 0x0000000610400000| Untracked 
|  21|0x0000000610800000, 0x0000000610800000, 0x0000000610c00000|  0%| F|  |TAMS 0x0000000610800000, 0x0000000610800000| Untracked 
|  22|0x0000000610c00000, 0x0000000610c00000, 0x0000000611000000|  0%| F|  |TAMS 0x0000000610c00000, 0x0000000610c00000| Untracked 
|  23|0x0000000611000000, 0x0000000611000000, 0x0000000611400000|  0%| F|  |TAMS 0x0000000611000000, 0x0000000611000000| Untracked 
|  24|0x0000000611400000, 0x0000000611400000, 0x0000000611800000|  0%| F|  |TAMS 0x0000000611400000, 0x0000000611400000| Untracked 
|  25|0x0000000611800000, 0x0000000611800000, 0x0000000611c00000|  0%| F|  |TAMS 0x0000000611800000, 0x0000000611800000| Untracked 
|  26|0x0000000611c00000, 0x0000000611c00000, 0x0000000612000000|  0%| F|  |TAMS 0x0000000611c00000, 0x0000000611c00000| Untracked 
|  27|0x0000000612000000, 0x0000000612000000, 0x0000000612400000|  0%| F|  |TAMS 0x0000000612000000, 0x0000000612000000| Untracked 
|  28|0x0000000612400000, 0x0000000612400000, 0x0000000612800000|  0%| F|  |TAMS 0x0000000612400000, 0x0000000612400000| Untracked 
|  29|0x0000000612800000, 0x0000000612800000, 0x0000000612c00000|  0%| F|  |TAMS 0x0000000612800000, 0x0000000612800000| Untracked 
|  30|0x0000000612c00000, 0x0000000612c00000, 0x0000000613000000|  0%| F|  |TAMS 0x0000000612c00000, 0x0000000612c00000| Untracked 
|  31|0x0000000613000000, 0x0000000613000000, 0x0000000613400000|  0%| F|  |TAMS 0x0000000613000000, 0x0000000613000000| Untracked 
|  32|0x0000000613400000, 0x0000000613400000, 0x0000000613800000|  0%| F|  |TAMS 0x0000000613400000, 0x0000000613400000| Untracked 
|  33|0x0000000613800000, 0x0000000613800000, 0x0000000613c00000|  0%| F|  |TAMS 0x0000000613800000, 0x0000000613800000| Untracked 
|  34|0x0000000613c00000, 0x0000000613c00000, 0x0000000614000000|  0%| F|  |TAMS 0x0000000613c00000, 0x0000000613c00000| Untracked 
|  35|0x0000000614000000, 0x0000000614000000, 0x0000000614400000|  0%| F|  |TAMS 0x0000000614000000, 0x0000000614000000| Untracked 
|  36|0x0000000614400000, 0x0000000614400000, 0x0000000614800000|  0%| F|  |TAMS 0x0000000614400000, 0x0000000614400000| Untracked 
|  37|0x0000000614800000, 0x0000000614800000, 0x0000000614c00000|  0%| F|  |TAMS 0x0000000614800000, 0x0000000614800000| Untracked 
|  38|0x0000000614c00000, 0x0000000614c00000, 0x0000000615000000|  0%| F|  |TAMS 0x0000000614c00000, 0x0000000614c00000| Untracked 
|  39|0x0000000615000000, 0x0000000615000000, 0x0000000615400000|  0%| F|  |TAMS 0x0000000615000000, 0x0000000615000000| Untracked 
|  40|0x0000000615400000, 0x0000000615400000, 0x0000000615800000|  0%| F|  |TAMS 0x0000000615400000, 0x0000000615400000| Untracked 
|  41|0x0000000615800000, 0x0000000615800000, 0x0000000615c00000|  0%| F|  |TAMS 0x0000000615800000, 0x0000000615800000| Untracked 
|  42|0x0000000615c00000, 0x0000000615c00000, 0x0000000616000000|  0%| F|  |TAMS 0x0000000615c00000, 0x0000000615c00000| Untracked 
|  43|0x0000000616000000, 0x0000000616000000, 0x0000000616400000|  0%| F|  |TAMS 0x0000000616000000, 0x0000000616000000| Untracked 
|  44|0x0000000616400000, 0x0000000616400000, 0x0000000616800000|  0%| F|  |TAMS 0x0000000616400000, 0x0000000616400000| Untracked 
|  45|0x0000000616800000, 0x0000000616800000, 0x0000000616c00000|  0%| F|  |TAMS 0x0000000616800000, 0x0000000616800000| Untracked 
|  46|0x0000000616c00000, 0x0000000616c00000, 0x0000000617000000|  0%| F|  |TAMS 0x0000000616c00000, 0x0000000616c00000| Untracked 
|  47|0x0000000617000000, 0x0000000617000000, 0x0000000617400000|  0%| F|  |TAMS 0x0000000617000000, 0x0000000617000000| Untracked 
|  48|0x0000000617400000, 0x0000000617400000, 0x0000000617800000|  0%| F|  |TAMS 0x0000000617400000, 0x0000000617400000| Untracked 
|  49|0x0000000617800000, 0x0000000617800000, 0x0000000617c00000|  0%| F|  |TAMS 0x0000000617800000, 0x0000000617800000| Untracked 
|  50|0x0000000617c00000, 0x0000000617c00000, 0x0000000618000000|  0%| F|  |TAMS 0x0000000617c00000, 0x0000000617c00000| Untracked 
|  51|0x0000000618000000, 0x0000000618000000, 0x0000000618400000|  0%| F|  |TAMS 0x0000000618000000, 0x0000000618000000| Untracked 
|  52|0x0000000618400000, 0x0000000618400000, 0x0000000618800000|  0%| F|  |TAMS 0x0000000618400000, 0x0000000618400000| Untracked 
|  53|0x0000000618800000, 0x0000000618800000, 0x0000000618c00000|  0%| F|  |TAMS 0x0000000618800000, 0x0000000618800000| Untracked 
|  54|0x0000000618c00000, 0x0000000618c00000, 0x0000000619000000|  0%| F|  |TAMS 0x0000000618c00000, 0x0000000618c00000| Untracked 
|  55|0x0000000619000000, 0x0000000619000000, 0x0000000619400000|  0%| F|  |TAMS 0x0000000619000000, 0x0000000619000000| Untracked 
|  56|0x0000000619400000, 0x0000000619400000, 0x0000000619800000|  0%| F|  |TAMS 0x0000000619400000, 0x0000000619400000| Untracked 
|  57|0x0000000619800000, 0x0000000619800000, 0x0000000619c00000|  0%| F|  |TAMS 0x0000000619800000, 0x0000000619800000| Untracked 
|  58|0x0000000619c00000, 0x0000000619c00000, 0x000000061a000000|  0%| F|  |TAMS 0x0000000619c00000, 0x0000000619c00000| Untracked 
|  59|0x000000061a000000, 0x000000061a000000, 0x000000061a400000|  0%| F|  |TAMS 0x000000061a000000, 0x000000061a000000| Untracked 
|  60|0x000000061a400000, 0x000000061a400000, 0x000000061a800000|  0%| F|  |TAMS 0x000000061a400000, 0x000000061a400000| Untracked 
|  61|0x000000061a800000, 0x000000061a800000, 0x000000061ac00000|  0%| F|  |TAMS 0x000000061a800000, 0x000000061a800000| Untracked 
|  62|0x000000061ac00000, 0x000000061ac00000, 0x000000061b000000|  0%| F|  |TAMS 0x000000061ac00000, 0x000000061ac00000| Untracked 
|  63|0x000000061b000000, 0x000000061b000000, 0x000000061b400000|  0%| F|  |TAMS 0x000000061b000000, 0x000000061b000000| Untracked 
|  64|0x000000061b400000, 0x000000061b400000, 0x000000061b800000|  0%| F|  |TAMS 0x000000061b400000, 0x000000061b400000| Untracked 
|  65|0x000000061b800000, 0x000000061b800000, 0x000000061bc00000|  0%| F|  |TAMS 0x000000061b800000, 0x000000061b800000| Untracked 
|  66|0x000000061bc00000, 0x000000061bc00000, 0x000000061c000000|  0%| F|  |TAMS 0x000000061bc00000, 0x000000061bc00000| Untracked 
|  67|0x000000061c000000, 0x000000061c000000, 0x000000061c400000|  0%| F|  |TAMS 0x000000061c000000, 0x000000061c000000| Untracked 
|  68|0x000000061c400000, 0x000000061c400000, 0x000000061c800000|  0%| F|  |TAMS 0x000000061c400000, 0x000000061c400000| Untracked 
|  69|0x000000061c800000, 0x000000061c800000, 0x000000061cc00000|  0%| F|  |TAMS 0x000000061c800000, 0x000000061c800000| Untracked 
|  70|0x000000061cc00000, 0x000000061cc00000, 0x000000061d000000|  0%| F|  |TAMS 0x000000061cc00000, 0x000000061cc00000| Untracked 
|  71|0x000000061d000000, 0x000000061d000000, 0x000000061d400000|  0%| F|  |TAMS 0x000000061d000000, 0x000000061d000000| Untracked 
|  72|0x000000061d400000, 0x000000061d400000, 0x000000061d800000|  0%| F|  |TAMS 0x000000061d400000, 0x000000061d400000| Untracked 
|  73|0x000000061d800000, 0x000000061d800000, 0x000000061dc00000|  0%| F|  |TAMS 0x000000061d800000, 0x000000061d800000| Untracked 
|  74|0x000000061dc00000, 0x000000061dc00000, 0x000000061e000000|  0%| F|  |TAMS 0x000000061dc00000, 0x000000061dc00000| Untracked 
|  75|0x000000061e000000, 0x000000061e000000, 0x000000061e400000|  0%| F|  |TAMS 0x000000061e000000, 0x000000061e000000| Untracked 
|  76|0x000000061e400000, 0x000000061e400000, 0x000000061e800000|  0%| F|  |TAMS 0x000000061e400000, 0x000000061e400000| Untracked 
|  77|0x000000061e800000, 0x000000061e800000, 0x000000061ec00000|  0%| F|  |TAMS 0x000000061e800000, 0x000000061e800000| Untracked 
|  78|0x000000061ec00000, 0x000000061ec00000, 0x000000061f000000|  0%| F|  |TAMS 0x000000061ec00000, 0x000000061ec00000| Untracked 
|  79|0x000000061f000000, 0x000000061f000000, 0x000000061f400000|  0%| F|  |TAMS 0x000000061f000000, 0x000000061f000000| Untracked 
|  80|0x000000061f400000, 0x000000061f400000, 0x000000061f800000|  0%| F|  |TAMS 0x000000061f400000, 0x000000061f400000| Untracked 
|  81|0x000000061f800000, 0x000000061f800000, 0x000000061fc00000|  0%| F|  |TAMS 0x000000061f800000, 0x000000061f800000| Untracked 
|  82|0x000000061fc00000, 0x000000061fc00000, 0x0000000620000000|  0%| F|  |TAMS 0x000000061fc00000, 0x000000061fc00000| Untracked 
|  83|0x0000000620000000, 0x0000000620000000, 0x0000000620400000|  0%| F|  |TAMS 0x0000000620000000, 0x0000000620000000| Untracked 
|  84|0x0000000620400000, 0x0000000620400000, 0x0000000620800000|  0%| F|  |TAMS 0x0000000620400000, 0x0000000620400000| Untracked 
|  85|0x0000000620800000, 0x0000000620800000, 0x0000000620c00000|  0%| F|  |TAMS 0x0000000620800000, 0x0000000620800000| Untracked 
|  86|0x0000000620c00000, 0x0000000620c00000, 0x0000000621000000|  0%| F|  |TAMS 0x0000000620c00000, 0x0000000620c00000| Untracked 
|  87|0x0000000621000000, 0x0000000621000000, 0x0000000621400000|  0%| F|  |TAMS 0x0000000621000000, 0x0000000621000000| Untracked 
|  88|0x0000000621400000, 0x0000000621400000, 0x0000000621800000|  0%| F|  |TAMS 0x0000000621400000, 0x0000000621400000| Untracked 
|  89|0x0000000621800000, 0x0000000621800000, 0x0000000621c00000|  0%| F|  |TAMS 0x0000000621800000, 0x0000000621800000| Untracked 
|  90|0x0000000621c00000, 0x0000000621c00000, 0x0000000622000000|  0%| F|  |TAMS 0x0000000621c00000, 0x0000000621c00000| Untracked 
|  91|0x0000000622000000, 0x0000000622000000, 0x0000000622400000|  0%| F|  |TAMS 0x0000000622000000, 0x0000000622000000| Untracked 
|  92|0x0000000622400000, 0x0000000622400000, 0x0000000622800000|  0%| F|  |TAMS 0x0000000622400000, 0x0000000622400000| Untracked 
|  93|0x0000000622800000, 0x0000000622800000, 0x0000000622c00000|  0%| F|  |TAMS 0x0000000622800000, 0x0000000622800000| Untracked 
|  94|0x0000000622c00000, 0x0000000622c00000, 0x0000000623000000|  0%| F|  |TAMS 0x0000000622c00000, 0x0000000622c00000| Untracked 
|  95|0x0000000623000000, 0x0000000623000000, 0x0000000623400000|  0%| F|  |TAMS 0x0000000623000000, 0x0000000623000000| Untracked 
|  96|0x0000000623400000, 0x0000000623400000, 0x0000000623800000|  0%| F|  |TAMS 0x0000000623400000, 0x0000000623400000| Untracked 
|  97|0x0000000623800000, 0x0000000623800000, 0x0000000623c00000|  0%| F|  |TAMS 0x0000000623800000, 0x0000000623800000| Untracked 
|  98|0x0000000623c00000, 0x0000000623c00000, 0x0000000624000000|  0%| F|  |TAMS 0x0000000623c00000, 0x0000000623c00000| Untracked 
|  99|0x0000000624000000, 0x0000000624000000, 0x0000000624400000|  0%| F|  |TAMS 0x0000000624000000, 0x0000000624000000| Untracked 
| 100|0x0000000624400000, 0x0000000624400000, 0x0000000624800000|  0%| F|  |TAMS 0x0000000624400000, 0x0000000624400000| Untracked 
| 101|0x0000000624800000, 0x0000000624800000, 0x0000000624c00000|  0%| F|  |TAMS 0x0000000624800000, 0x0000000624800000| Untracked 
| 102|0x0000000624c00000, 0x0000000624c00000, 0x0000000625000000|  0%| F|  |TAMS 0x0000000624c00000, 0x0000000624c00000| Untracked 
| 103|0x0000000625000000, 0x0000000625000000, 0x0000000625400000|  0%| F|  |TAMS 0x0000000625000000, 0x0000000625000000| Untracked 
| 104|0x0000000625400000, 0x0000000625400000, 0x0000000625800000|  0%| F|  |TAMS 0x0000000625400000, 0x0000000625400000| Untracked 
| 105|0x0000000625800000, 0x0000000625800000, 0x0000000625c00000|  0%| F|  |TAMS 0x0000000625800000, 0x0000000625800000| Untracked 
| 106|0x0000000625c00000, 0x0000000625c00000, 0x0000000626000000|  0%| F|  |TAMS 0x0000000625c00000, 0x0000000625c00000| Untracked 
| 107|0x0000000626000000, 0x0000000626000000, 0x0000000626400000|  0%| F|  |TAMS 0x0000000626000000, 0x0000000626000000| Untracked 
| 108|0x0000000626400000, 0x0000000626400000, 0x0000000626800000|  0%| F|  |TAMS 0x0000000626400000, 0x0000000626400000| Untracked 
| 109|0x0000000626800000, 0x0000000626800000, 0x0000000626c00000|  0%| F|  |TAMS 0x0000000626800000, 0x0000000626800000| Untracked 
| 110|0x0000000626c00000, 0x0000000626c00000, 0x0000000627000000|  0%| F|  |TAMS 0x0000000626c00000, 0x0000000626c00000| Untracked 
| 111|0x0000000627000000, 0x0000000627000000, 0x0000000627400000|  0%| F|  |TAMS 0x0000000627000000, 0x0000000627000000| Untracked 
| 112|0x0000000627400000, 0x0000000627400000, 0x0000000627800000|  0%| F|  |TAMS 0x0000000627400000, 0x0000000627400000| Untracked 
| 113|0x0000000627800000, 0x0000000627800000, 0x0000000627c00000|  0%| F|  |TAMS 0x0000000627800000, 0x0000000627800000| Untracked 
| 114|0x0000000627c00000, 0x0000000627c00000, 0x0000000628000000|  0%| F|  |TAMS 0x0000000627c00000, 0x0000000627c00000| Untracked 
| 115|0x0000000628000000, 0x0000000628000000, 0x0000000628400000|  0%| F|  |TAMS 0x0000000628000000, 0x0000000628000000| Untracked 
| 116|0x0000000628400000, 0x0000000628400000, 0x0000000628800000|  0%| F|  |TAMS 0x0000000628400000, 0x0000000628400000| Untracked 
| 117|0x0000000628800000, 0x00000006289fc950, 0x0000000628c00000| 49%| S|  |TAMS 0x0000000628800000, 0x0000000628800000| Complete 
| 118|0x0000000628c00000, 0x0000000629000000, 0x0000000629000000|100%| E|CS|TAMS 0x0000000628c00000, 0x0000000628c00000| Complete 
| 119|0x0000000629000000, 0x000000062933a588, 0x0000000629400000| 80%| E|CS|TAMS 0x0000000629000000, 0x0000000629000000| Complete 
| 120|0x0000000629400000, 0x0000000629800000, 0x0000000629800000|100%| E|CS|TAMS 0x0000000629400000, 0x0000000629400000| Complete 
| 121|0x0000000629800000, 0x0000000629c00000, 0x0000000629c00000|100%| E|CS|TAMS 0x0000000629800000, 0x0000000629800000| Complete 
| 122|0x0000000629c00000, 0x000000062a000000, 0x000000062a000000|100%| E|CS|TAMS 0x0000000629c00000, 0x0000000629c00000| Complete 
| 123|0x000000062a000000, 0x000000062a400000, 0x000000062a400000|100%| E|CS|TAMS 0x000000062a000000, 0x000000062a000000| Complete 
| 124|0x000000062a400000, 0x000000062a800000, 0x000000062a800000|100%| E|CS|TAMS 0x000000062a400000, 0x000000062a400000| Complete 
| 125|0x000000062a800000, 0x000000062ac00000, 0x000000062ac00000|100%| E|CS|TAMS 0x000000062a800000, 0x000000062a800000| Complete 
|2001|0x00000007ff800000, 0x00000007ffb76000, 0x00000007ffc00000| 86%|OA|  |TAMS 0x00000007ff800000, 0x00000007ff800000| Untracked 
|2002|0x00000007ffc00000, 0x00000007ffc82000, 0x0000000800000000| 12%|CA|  |TAMS 0x00000007ffc00000, 0x00000007ffc00000| Untracked 

Card table byte_map: [0x00007ff9181c0000,0x00007ff919166000] _byte_map_base: 0x00007ff915166000

Marking Bits (Prev, Next): (CMBitMap*) 0x00007ff930049ac0, (CMBitMap*) 0x00007ff930049b00
 Prev Bits: [0x00007ff90f4ea000, 0x00007ff91721a000)
 Next Bits: [0x00007ff9077ba000, 0x00007ff90f4ea000)

Polling page: 0x00007ff9378f2000

Metaspace:

Usage:
  Non-class:      8.85 MB used.
      Class:      1.26 MB used.
       Both:     10.10 MB used.

Virtual space:
  Non-class space:       16.00 MB reserved,       8.94 MB ( 56%) committed,  2 nodes.
      Class space:        1.00 GB reserved,       1.31 MB ( <1%) committed,  1 nodes.
             Both:        1.02 GB reserved,      10.25 MB ( <1%) committed. 

Chunk freelists:
   Non-Class:  1.67 MB
       Class:  2.70 MB
        Both:  4.38 MB

MaxMetaspaceSize: unlimited
CompressedClassSpaceSize: 1.00 GB
Initial GC threshold: 21.00 MB
Current GC threshold: 21.00 MB
CDS: on
MetaspaceReclaimPolicy: balanced
 - commit_granule_bytes: 65536.
 - commit_granule_words: 8192.
 - virtual_space_node_default_size: 1048576.
 - enlarge_chunks_in_place: 1.
 - new_chunks_are_fully_committed: 0.
 - uncommit_free_chunks: 1.
 - use_allocation_guard: 0.
 - handle_deallocations: 1.


Internal statistics:

num_allocs_failed_limit: 0.
num_arena_births: 30.
num_arena_deaths: 0.
num_vsnodes_births: 3.
num_vsnodes_deaths: 0.
num_space_committed: 164.
num_space_uncommitted: 0.
num_chunks_returned_to_freelist: 0.
num_chunks_taken_from_freelist: 349.
num_chunk_merges: 0.
num_chunk_splits: 270.
num_chunks_enlarged: 228.
num_purges: 0.
num_inconsistent_stats: 0.

CodeHeap 'non-profiled nmethods': size=120028Kb used=650Kb max_used=650Kb free=119377Kb
 bounds [0x00007ff920c2f000, 0x00007ff920e9f000, 0x00007ff928166000]
CodeHeap 'profiled nmethods': size=120028Kb used=3069Kb max_used=3069Kb free=116958Kb
 bounds [0x00007ff9196f8000, 0x00007ff9199f8000, 0x00007ff920c2f000]
CodeHeap 'non-nmethods': size=5704Kb used=1154Kb max_used=1170Kb free=4549Kb
 bounds [0x00007ff919166000, 0x00007ff9193d6000, 0x00007ff9196f8000]
 total_blobs=2043 nmethods=1602 adapters=354
 compilation: enabled
              stopped_count=0, restarted_count=0
 full_count=0

Compilation events (20 events):
Event: 0.436 Thread 0x00007ff930159c70 nmethod 1591 0x00007ff9199f5990 code [0x00007ff9199f5b60, 0x00007ff9199f5ed0]
Event: 0.436 Thread 0x00007ff930159c70 1592       1       com.google.common.collect.LinkedHashMultimap$ValueEntry::setSuccessorInValueSet (6 bytes)
Event: 0.436 Thread 0x00007ff930159c70 nmethod 1592 0x00007ff920cd0890 code [0x00007ff920cd0a20, 0x00007ff920cd0b30]
Event: 0.436 Thread 0x00007ff930159c70 1593       1       com.google.common.collect.LinkedHashMultimap$ValueEntry::getSuccessorInValueSet (5 bytes)
Event: 0.436 Thread 0x00007ff930159c70 nmethod 1593 0x00007ff920cd0b90 code [0x00007ff920cd0d20, 0x00007ff920cd0df0]
Event: 0.436 Thread 0x00007ff930159c70 1595       1       com.google.common.collect.LinkedHashMultimap$ValueEntry::setPredecessorInValueSet (6 bytes)
Event: 0.437 Thread 0x00007ff930159c70 nmethod 1595 0x00007ff920cd0e90 code [0x00007ff920cd1020, 0x00007ff920cd1130]
Event: 0.437 Thread 0x00007ff930159c70 1597       1       com.google.common.collect.LinkedHashMultimap$ValueEntry::getPredecessorInValueSet (5 bytes)
Event: 0.437 Thread 0x00007ff930159c70 nmethod 1597 0x00007ff920cd1190 code [0x00007ff920cd1320, 0x00007ff920cd13f0]
Event: 0.437 Thread 0x00007ff930159c70 1598       1       com.google.common.collect.LinkedHashMultimap$ValueEntry::getSuccessorInMultimap (5 bytes)
Event: 0.437 Thread 0x00007ff930159c70 nmethod 1598 0x00007ff920cd1490 code [0x00007ff920cd1620, 0x00007ff920cd16f0]
Event: 0.437 Thread 0x00007ff930159c70 1604       3       com.google.common.collect.LinkedHashMultimap::succeedsInMultimap (11 bytes)
Event: 0.437 Thread 0x00007ff930159c70 nmethod 1604 0x00007ff9199f6090 code [0x00007ff9199f6240, 0x00007ff9199f6430]
Event: 0.437 Thread 0x00007ff930159c70 1605       3       com.google.common.collect.AbstractMapBasedMultimap$WrappedCollection::<init> (44 bytes)
Event: 0.437 Thread 0x00007ff930159c70 nmethod 1605 0x00007ff9199f6510 code [0x00007ff9199f66e0, 0x00007ff9199f6b90]
Event: 0.437 Thread 0x00007ff930159c70 1600       3       com.google.common.collect.LinkedHashMultimap::asMap (5 bytes)
Event: 0.437 Thread 0x00007ff8c825f7e0 1607       4       com.google.inject.internal.CycleDetectingLock$CycleDetectingLockFactory::access$100 (4 bytes)
Event: 0.437 Thread 0x00007ff930159c70 nmethod 1600 0x00007ff9199f6d10 code [0x00007ff9199f6f00, 0x00007ff9199f7550]
Event: 0.437 Thread 0x00007ff930159c70 1601       3       com.google.common.collect.AbstractSetMultimap::asMap (5 bytes)
Event: 0.437 Thread 0x00007ff8c825f7e0 nmethod 1607 0x00007ff920cd1790 code [0x00007ff920cd1900, 0x00007ff920cd1958]

GC Heap History (3 events):
Event: 0.247 GC heap before
{Heap before GC invocations=0 (full 0):
 garbage-first heap   total 524288K, used 28640K [0x000000060b400000, 0x0000000800000000)
  region size 4096K, 6 young (24576K), 0 survivors (0K)
 Metaspace       used 5621K, committed 5824K, reserved 1056768K
  class space    used 670K, committed 768K, reserved 1048576K
}
Event: 0.249 GC heap after
{Heap after GC invocations=1 (full 0):
 garbage-first heap   total 524288K, used 7369K [0x000000060b400000, 0x0000000800000000)
  region size 4096K, 1 young (4096K), 1 survivors (4096K)
 Metaspace       used 5621K, committed 5824K, reserved 1056768K
  class space    used 670K, committed 768K, reserved 1048576K
}
Event: 0.437 GC heap before
{Heap before GC invocations=1 (full 0):
 garbage-first heap   total 524288K, used 36041K [0x000000060b400000, 0x0000000800000000)
  region size 4096K, 8 young (32768K), 1 survivors (4096K)
 Metaspace       used 10346K, committed 10496K, reserved 1064960K
  class space    used 1287K, committed 1344K, reserved 1048576K
}

Deoptimization events (20 events):
Event: 0.371 Thread 0x00007ff930012660 Uncommon trap: trap_request=0xffffffc6 fr.pc=0x00007ff920ca6924 relative=0x0000000000000444
Event: 0.371 Thread 0x00007ff930012660 Uncommon trap: reason=bimorphic_or_optimized_type_check action=maybe_recompile pc=0x00007ff920ca6924 method=java.util.HashMap.getNode(Ljava/lang/Object;)Ljava/util/HashMap$Node; @ 128 c2
Event: 0.371 Thread 0x00007ff930012660 DEOPT PACKING pc=0x00007ff920ca6924 sp=0x00007ff935fb7dc0
Event: 0.371 Thread 0x00007ff930012660 DEOPT UNPACKING pc=0x00007ff9191b8099 sp=0x00007ff935fb7d58 mode 2
Event: 0.373 Thread 0x00007ff930012660 Uncommon trap: trap_request=0xffffffde fr.pc=0x00007ff920cbbba8 relative=0x0000000000000108
Event: 0.373 Thread 0x00007ff930012660 Uncommon trap: reason=class_check action=maybe_recompile pc=0x00007ff920cbbba8 method=jdk.internal.misc.Unsafe.allocateUninitializedArray(Ljava/lang/Class;I)Ljava/lang/Object; @ 51 c2
Event: 0.373 Thread 0x00007ff930012660 DEOPT PACKING pc=0x00007ff920cbbba8 sp=0x00007ff935fb6f20
Event: 0.373 Thread 0x00007ff930012660 DEOPT UNPACKING pc=0x00007ff9191b8099 sp=0x00007ff935fb6ec8 mode 2
Event: 0.373 Thread 0x00007ff930012660 Uncommon trap: trap_request=0xffffffde fr.pc=0x00007ff920cbbba8 relative=0x0000000000000108
Event: 0.373 Thread 0x00007ff930012660 Uncommon trap: reason=class_check action=maybe_recompile pc=0x00007ff920cbbba8 method=jdk.internal.misc.Unsafe.allocateUninitializedArray(Ljava/lang/Class;I)Ljava/lang/Object; @ 51 c2
Event: 0.373 Thread 0x00007ff930012660 DEOPT PACKING pc=0x00007ff920cbbba8 sp=0x00007ff935fb6fd0
Event: 0.373 Thread 0x00007ff930012660 DEOPT UNPACKING pc=0x00007ff9191b8099 sp=0x00007ff935fb6f78 mode 2
Event: 0.373 Thread 0x00007ff930012660 Uncommon trap: trap_request=0xffffffde fr.pc=0x00007ff920cbbba8 relative=0x0000000000000108
Event: 0.373 Thread 0x00007ff930012660 Uncommon trap: reason=class_check action=maybe_recompile pc=0x00007ff920cbbba8 method=jdk.internal.misc.Unsafe.allocateUninitializedArray(Ljava/lang/Class;I)Ljava/lang/Object; @ 51 c2
Event: 0.373 Thread 0x00007ff930012660 DEOPT PACKING pc=0x00007ff920cbbba8 sp=0x00007ff935fb6ca0
Event: 0.373 Thread 0x00007ff930012660 DEOPT UNPACKING pc=0x00007ff9191b8099 sp=0x00007ff935fb6c48 mode 2
Event: 0.373 Thread 0x00007ff930012660 Uncommon trap: trap_request=0xffffffde fr.pc=0x00007ff920cbbba8 relative=0x0000000000000108
Event: 0.373 Thread 0x00007ff930012660 Uncommon trap: reason=class_check action=maybe_recompile pc=0x00007ff920cbbba8 method=jdk.internal.misc.Unsafe.allocateUninitializedArray(Ljava/lang/Class;I)Ljava/lang/Object; @ 51 c2
Event: 0.373 Thread 0x00007ff930012660 DEOPT PACKING pc=0x00007ff920cbbba8 sp=0x00007ff935fb6f20
Event: 0.373 Thread 0x00007ff930012660 DEOPT UNPACKING pc=0x00007ff9191b8099 sp=0x00007ff935fb6ec8 mode 2

Classes unloaded (0 events):
No events

Classes redefined (0 events):
No events

Internal exceptions (1 events):
Event: 0.200 Thread 0x00007ff930012660 Exception <a 'java/lang/NoSuchMethodError'{0x0000000629f6b618}: 'java.lang.Object java.lang.invoke.DirectMethodHandle$Holder.newInvokeSpecial(java.lang.Object, java.lang.Object, java.lang.Object, java.lang.Object, java.lang.Object)'> (0x0000000629f6b618) 
thrown [src/hotspot/share/interpreter/linkResolver.cpp, line 765]

VM Operations (20 events):
Event: 0.106 Executing VM operation: HandshakeAllThreads done
Event: 0.122 Executing VM operation: HandshakeAllThreads
Event: 0.122 Executing VM operation: HandshakeAllThreads done
Event: 0.247 Executing VM operation: G1CollectForAllocation
Event: 0.249 Executing VM operation: G1CollectForAllocation done
Event: 0.315 Executing VM operation: HandshakeAllThreads
Event: 0.315 Executing VM operation: HandshakeAllThreads done
Event: 0.341 Executing VM operation: HandshakeAllThreads
Event: 0.342 Executing VM operation: HandshakeAllThreads done
Event: 0.343 Executing VM operation: HandshakeAllThreads
Event: 0.343 Executing VM operation: HandshakeAllThreads done
Event: 0.399 Executing VM operation: HandshakeAllThreads
Event: 0.399 Executing VM operation: HandshakeAllThreads done
Event: 0.399 Executing VM operation: HandshakeAllThreads
Event: 0.399 Executing VM operation: HandshakeAllThreads done
Event: 0.426 Executing VM operation: ICBufferFull
Event: 0.426 Executing VM operation: ICBufferFull done
Event: 0.431 Executing VM operation: HandshakeAllThreads
Event: 0.431 Executing VM operation: HandshakeAllThreads done
Event: 0.437 Executing VM operation: G1CollectForAllocation

Events (20 events):
Event: 0.431 loading class org/eclipse/sisu/bean/BeanScheduler$Pending
Event: 0.431 loading class org/eclipse/sisu/bean/BeanScheduler$Pending done
Event: 0.432 loading class com/google/common/collect/AbstractMapBasedMultimap$WrappedSet
Event: 0.432 loading class com/google/common/collect/AbstractMapBasedMultimap$WrappedSet done
Event: 0.432 loading class org/eclipse/sisu/inject/InjectorBindings
Event: 0.432 loading class org/eclipse/sisu/inject/InjectorBindings done
Event: 0.432 loading class com/google/common/collect/CompactHashMap$MapEntry
Event: 0.432 loading class com/google/common/collect/CompactHashMap$MapEntry done
Event: 0.432 loading class com/google/inject/internal/CircularDependencyProxy
Event: 0.432 loading class com/google/inject/internal/CircularDependencyProxy done
Event: 0.432 loading class org/eclipse/sisu/inject/RankedSequence$Content
Event: 0.432 loading class org/eclipse/sisu/inject/RankedSequence$Content done
Event: 0.432 loading class org/eclipse/sisu/inject/MildValues$1
Event: 0.432 loading class org/eclipse/sisu/inject/MildValues$1 done
Event: 0.433 loading class org/eclipse/sisu/inject/MildValues$ValueItr
Event: 0.433 loading class org/eclipse/sisu/inject/MildValues$ValueItr done
Event: 0.433 loading class jdk/internal/reflect/UnsafeObjectFieldAccessorImpl
Event: 0.433 loading class jdk/internal/reflect/UnsafeObjectFieldAccessorImpl done
Event: 0.436 loading class com/google/inject/internal/ConstructorInjector$1
Event: 0.436 loading class com/google/inject/internal/ConstructorInjector$1 done


Dynamic libraries:
60b400000-62ac00000 rw-p 00000000 00:00 0 
62ac00000-7ff800000 ---p 00000000 00:00 0 
7ff800000-7ffb00000 rw-p 00000000 00:00 0 
7ffb00000-7ffb76000 rw-p 00c96000 103:07 14291267                        /usr/lib/jvm/java-17-openjdk-amd64/lib/server/classes.jsa
7ffb76000-7ffc00000 rw-p 00000000 00:00 0 
7ffc00000-7ffc82000 rw-p 00c14000 103:07 14291267                        /usr/lib/jvm/java-17-openjdk-amd64/lib/server/classes.jsa
7ffc82000-800000000 rw-p 00000000 00:00 0 
800000000-80043f000 rw-p 00001000 103:07 14291267                        /usr/lib/jvm/java-17-openjdk-amd64/lib/server/classes.jsa
80043f000-800bdb000 r--p 00440000 103:07 14291267                        /usr/lib/jvm/java-17-openjdk-amd64/lib/server/classes.jsa
800bdb000-800c00000 ---p 00000000 00:00 0 
800c00000-800c40000 rw-p 00000000 00:00 0 
800c40000-800c80000 rw-p 00000000 00:00 0 
800c80000-800d50000 rw-p 00000000 00:00 0 
800d50000-840c00000 ---p 00000000 00:00 0 
560ad2036000-560ad2037000 r--p 00000000 103:07 14291115                  /usr/lib/jvm/java-17-openjdk-amd64/bin/java
560ad2037000-560ad2038000 r-xp 00001000 103:07 14291115                  /usr/lib/jvm/java-17-openjdk-amd64/bin/java
560ad2038000-560ad2039000 r--p 00002000 103:07 14291115                  /usr/lib/jvm/java-17-openjdk-amd64/bin/java
560ad2039000-560ad203a000 r--p 00002000 103:07 14291115                  /usr/lib/jvm/java-17-openjdk-amd64/bin/java
560ad203a000-560ad203b000 rw-p 00003000 103:07 14291115                  /usr/lib/jvm/java-17-openjdk-amd64/bin/java
560ad3e58000-560ad3e79000 rw-p 00000000 00:00 0                          [heap]
7ff890000000-7ff890021000 rw-p 00000000 00:00 0 
7ff890021000-7ff894000000 ---p 00000000 00:00 0 
7ff894000000-7ff894021000 rw-p 00000000 00:00 0 
7ff894021000-7ff898000000 ---p 00000000 00:00 0 
7ff898000000-7ff898021000 rw-p 00000000 00:00 0 
7ff898021000-7ff89c000000 ---p 00000000 00:00 0 
7ff89c000000-7ff89c021000 rw-p 00000000 00:00 0 
7ff89c021000-7ff8a0000000 ---p 00000000 00:00 0 
7ff8a0000000-7ff8a0021000 rw-p 00000000 00:00 0 
7ff8a0021000-7ff8a4000000 ---p 00000000 00:00 0 
7ff8a4000000-7ff8a4021000 rw-p 00000000 00:00 0 
7ff8a4021000-7ff8a8000000 ---p 00000000 00:00 0 
7ff8a8000000-7ff8a8021000 rw-p 00000000 00:00 0 
7ff8a8021000-7ff8ac000000 ---p 00000000 00:00 0 
7ff8ac000000-7ff8ac021000 rw-p 00000000 00:00 0 
7ff8ac021000-7ff8b0000000 ---p 00000000 00:00 0 
7ff8b0000000-7ff8b0225000 rw-p 00000000 00:00 0 
7ff8b0225000-7ff8b4000000 ---p 00000000 00:00 0 
7ff8b4000000-7ff8b4021000 rw-p 00000000 00:00 0 
7ff8b4021000-7ff8b8000000 ---p 00000000 00:00 0 
7ff8b8000000-7ff8b8021000 rw-p 00000000 00:00 0 
7ff8b8021000-7ff8bc000000 ---p 00000000 00:00 0 
7ff8bc000000-7ff8bc3fd000 rw-p 00000000 00:00 0 
7ff8bc3fd000-7ff8c0000000 ---p 00000000 00:00 0 
7ff8c0000000-7ff8c0021000 rw-p 00000000 00:00 0 
7ff8c0021000-7ff8c4000000 ---p 00000000 00:00 0 
7ff8c4000000-7ff8c4021000 rw-p 00000000 00:00 0 
7ff8c4021000-7ff8c8000000 ---p 00000000 00:00 0 
7ff8c8000000-7ff8c83d9000 rw-p 00000000 00:00 0 
7ff8c83d9000-7ff8cc000000 ---p 00000000 00:00 0 
7ff8cc000000-7ff8cc021000 rw-p 00000000 00:00 0 
7ff8cc021000-7ff8d0000000 ---p 00000000 00:00 0 
7ff8d0000000-7ff8d0021000 rw-p 00000000 00:00 0 
7ff8d0021000-7ff8d4000000 ---p 00000000 00:00 0 
7ff8d4000000-7ff8d44e1000 rw-p 00000000 00:00 0 
7ff8d44e1000-7ff8d8000000 ---p 00000000 00:00 0 
7ff8d8000000-7ff8d8021000 rw-p 00000000 00:00 0 
7ff8d8021000-7ff8dc000000 ---p 00000000 00:00 0 
7ff8dc000000-7ff8dc021000 rw-p 00000000 00:00 0 
7ff8dc021000-7ff8e0000000 ---p 00000000 00:00 0 
7ff8e0000000-7ff8e0021000 rw-p 00000000 00:00 0 
7ff8e0021000-7ff8e4000000 ---p 00000000 00:00 0 
7ff8e4000000-7ff8e4021000 rw-p 00000000 00:00 0 
7ff8e4021000-7ff8e8000000 ---p 00000000 00:00 0 
7ff8e8000000-7ff8e8021000 rw-p 00000000 00:00 0 
7ff8e8021000-7ff8ec000000 ---p 00000000 00:00 0 
7ff8ed000000-7ff8ed260000 rw-p 00000000 00:00 0 
7ff8ed260000-7ff8ed800000 ---p 00000000 00:00 0 
7ff8ed80a000-7ff8ed80b000 ---p 00000000 00:00 0 
7ff8ed80b000-7ff8ed90c000 rw-p 00000000 00:00 0 
7ff8ed90c000-7ff8ed90d000 ---p 00000000 00:00 0 
7ff8ed90d000-7ff8eda0e000 rw-p 00000000 00:00 0 
7ff8eda0e000-7ff8eda0f000 ---p 00000000 00:00 0 
7ff8eda0f000-7ff8edb10000 rw-p 00000000 00:00 0 
7ff8edb10000-7ff8edb11000 ---p 00000000 00:00 0 
7ff8edb11000-7ff8edc12000 rw-p 00000000 00:00 0 
7ff8edc12000-7ff8edc13000 ---p 00000000 00:00 0 
7ff8edc13000-7ff8edd14000 rw-p 00000000 00:00 0 
7ff8edd14000-7ff8edd15000 ---p 00000000 00:00 0 
7ff8edd15000-7ff8ede16000 rw-p 00000000 00:00 0 
7ff8ede16000-7ff8ede17000 ---p 00000000 00:00 0 
7ff8ede17000-7ff8edf18000 rw-p 00000000 00:00 0 
7ff8edf18000-7ff8edf19000 ---p 00000000 00:00 0 
7ff8edf19000-7ff8ee01a000 rw-p 00000000 00:00 0 
7ff8ee01a000-7ff8ee01b000 ---p 00000000 00:00 0 
7ff8ee01b000-7ff8ee11c000 rw-p 00000000 00:00 0 
7ff8ee11c000-7ff8ee120000 ---p 00000000 00:00 0 
7ff8ee120000-7ff8ee21d000 rw-p 00000000 00:00 0 
7ff8ee21d000-7ff8ee220000 r-xp 00000000 103:07 6816375                   /tmp/libjansi-1.17.1-16583825179534797814.so
7ff8ee220000-7ff8ee41f000 ---p 00003000 103:07 6816375                   /tmp/libjansi-1.17.1-16583825179534797814.so
7ff8ee41f000-7ff8ee420000 rw-p 00002000 103:07 6816375                   /tmp/libjansi-1.17.1-16583825179534797814.so
7ff8ee420000-7ff8ee424000 ---p 00000000 00:00 0 
7ff8ee424000-7ff8ee521000 rw-p 00000000 00:00 0 
7ff8ee521000-7ff8ee525000 ---p 00000000 00:00 0 
7ff8ee525000-7ff8ee622000 rw-p 00000000 00:00 0 
7ff8ee622000-7ff8ef400000 r--p 00000000 103:07 14162373                  /usr/lib/locale/locale-archive
7ff8ef400000-7ff8ef690000 rw-p 00000000 00:00 0 
7ff8ef690000-7ff8ef800000 ---p 00000000 00:00 0 
7ff8ef800000-7ff8efc00000 rw-p 00000000 00:00 0 
7ff8efcfc000-7ff8efcfd000 ---p 00000000 00:00 0 
7ff8efcfd000-7ff8efdfe000 rw-p 00000000 00:00 0 
7ff8efdfe000-7ff8efe02000 ---p 00000000 00:00 0 
7ff8efe02000-7ff8efeff000 rw-p 00000000 00:00 0 
7ff8efeff000-7ff8eff03000 ---p 00000000 00:00 0 
7ff8eff03000-7ff8f0000000 rw-p 00000000 00:00 0 
7ff8f0000000-7ff8f0021000 rw-p 00000000 00:00 0 
7ff8f0021000-7ff8f4000000 ---p 00000000 00:00 0 
7ff8f4000000-7ff8f4021000 rw-p 00000000 00:00 0 
7ff8f4021000-7ff8f8000000 ---p 00000000 00:00 0 
7ff8f8000000-7ff8f8021000 rw-p 00000000 00:00 0 
7ff8f8021000-7ff8fc000000 ---p 00000000 00:00 0 
7ff8fc000000-7ff8fc021000 rw-p 00000000 00:00 0 
7ff8fc021000-7ff900000000 ---p 00000000 00:00 0 
7ff900000000-7ff900021000 rw-p 00000000 00:00 0 
7ff900021000-7ff904000000 ---p 00000000 00:00 0 
7ff90404e000-7ff904055000 r--s 00000000 103:07 14814110                  /usr/lib/x86_64-linux-gnu/gconv/gconv-modules.cache
7ff904055000-7ff904086000 rw-p 00000000 00:00 0 
7ff904086000-7ff90408a000 r--p 00000000 103:07 14291254                  /usr/lib/jvm/java-17-openjdk-amd64/lib/libnet.so
7ff90408a000-7ff904098000 r-xp 00004000 103:07 14291254                  /usr/lib/jvm/java-17-openjdk-amd64/lib/libnet.so
7ff904098000-7ff90409c000 r--p 00012000 103:07 14291254                  /usr/lib/jvm/java-17-openjdk-amd64/lib/libnet.so
7ff90409c000-7ff90409d000 r--p 00015000 103:07 14291254                  /usr/lib/jvm/java-17-openjdk-amd64/lib/libnet.so
7ff90409d000-7ff90409e000 rw-p 00016000 103:07 14291254                  /usr/lib/jvm/java-17-openjdk-amd64/lib/libnet.so
7ff90409e000-7ff9040a4000 r--p 00000000 103:07 14291255                  /usr/lib/jvm/java-17-openjdk-amd64/lib/libnio.so
7ff9040a4000-7ff9040ad000 r-xp 00006000 103:07 14291255                  /usr/lib/jvm/java-17-openjdk-amd64/lib/libnio.so
7ff9040ad000-7ff9040b1000 r--p 0000f000 103:07 14291255                  /usr/lib/jvm/java-17-openjdk-amd64/lib/libnio.so
7ff9040b1000-7ff9040b2000 ---p 00013000 103:07 14291255                  /usr/lib/jvm/java-17-openjdk-amd64/lib/libnio.so
7ff9040b2000-7ff9040b3000 r--p 00013000 103:07 14291255                  /usr/lib/jvm/java-17-openjdk-amd64/lib/libnio.so
7ff9040b3000-7ff9040b4000 rw-p 00014000 103:07 14291255                  /usr/lib/jvm/java-17-openjdk-amd64/lib/libnio.so
7ff9040b4000-7ff9040b8000 ---p 00000000 00:00 0 
7ff9040b8000-7ff9041b5000 rw-p 00000000 00:00 0 
7ff9041b5000-7ff9041b9000 ---p 00000000 00:00 0 
7ff9041b9000-7ff9042b6000 rw-p 00000000 00:00 0 
7ff9042b6000-7ff9042ba000 ---p 00000000 00:00 0 
7ff9042ba000-7ff9043b7000 rw-p 00000000 00:00 0 
7ff9043b7000-7ff9043bb000 ---p 00000000 00:00 0 
7ff9043bb000-7ff9044b8000 rw-p 00000000 00:00 0 
7ff9044b8000-7ff9044bc000 ---p 00000000 00:00 0 
7ff9044bc000-7ff9045b9000 rw-p 00000000 00:00 0 
7ff9045b9000-7ff9045bd000 ---p 00000000 00:00 0 
7ff9045bd000-7ff9046ba000 rw-p 00000000 00:00 0 
7ff9046ba000-7ff9046be000 ---p 00000000 00:00 0 
7ff9046be000-7ff9047bb000 rw-p 00000000 00:00 0 
7ff9047bb000-7ff9047bc000 ---p 00000000 00:00 0 
7ff9047bc000-7ff9048bd000 rw-p 00000000 00:00 0 
7ff9048bd000-7ff9048c1000 r--p 00000000 103:07 14291260                  /usr/lib/jvm/java-17-openjdk-amd64/lib/libsvml.so
7ff9048c1000-7ff904902000 r-xp 00004000 103:07 14291260                  /usr/lib/jvm/java-17-openjdk-amd64/lib/libsvml.so
7ff904902000-7ff90498b000 r--p 00045000 103:07 14291260                  /usr/lib/jvm/java-17-openjdk-amd64/lib/libsvml.so
7ff90498b000-7ff90498c000 r--p 000cd000 103:07 14291260                  /usr/lib/jvm/java-17-openjdk-amd64/lib/libsvml.so
7ff90498c000-7ff90498d000 rw-p 000ce000 103:07 14291260                  /usr/lib/jvm/java-17-openjdk-amd64/lib/libsvml.so
7ff90498d000-7ff904aaa000 rw-p 00000000 00:00 0 
7ff904aaa000-7ff904aab000 ---p 00000000 00:00 0 
7ff904aab000-7ff904bac000 rw-p 00000000 00:00 0 
7ff904bac000-7ff904bad000 ---p 00000000 00:00 0 
7ff904bad000-7ff9076b8000 rw-p 00000000 00:00 0 
7ff9076b8000-7ff9076b9000 ---p 00000000 00:00 0 
7ff9076b9000-7ff907f9a000 rw-p 00000000 00:00 0 
7ff907f9a000-7ff90f4ca000 ---p 00000000 00:00 0 
7ff90f4ca000-7ff90fcca000 rw-p 00000000 00:00 0 
7ff90fcca000-7ff9171fa000 ---p 00000000 00:00 0 
7ff9171fa000-7ff917316000 rw-p 00000000 00:00 0 
7ff917316000-7ff9181bc000 ---p 00000000 00:00 0 
7ff9181bc000-7ff9182bc000 rw-p 00000000 00:00 0 
7ff9182bc000-7ff919162000 ---p 00000000 00:00 0 
7ff919162000-7ff919166000 rw-p 00000000 00:00 0 
7ff919166000-7ff9193d6000 rwxp 00000000 00:00 0 
7ff9193d6000-7ff9196f8000 ---p 00000000 00:00 0 
7ff9196f8000-7ff9199f8000 rwxp 00000000 00:00 0 
7ff9199f8000-7ff920c2f000 ---p 00000000 00:00 0 
7ff920c2f000-7ff920e9f000 rwxp 00000000 00:00 0 
7ff920e9f000-7ff928166000 ---p 00000000 00:00 0 
7ff928166000-7ff930000000 r--s 00000000 103:07 14291264                  /usr/lib/jvm/java-17-openjdk-amd64/lib/modules
7ff930000000-7ff930808000 rw-p 00000000 00:00 0 
7ff930808000-7ff934000000 ---p 00000000 00:00 0 
7ff934002000-7ff934006000 r--p 00000000 103:07 14291262                  /usr/lib/jvm/java-17-openjdk-amd64/lib/libverify.so
7ff934006000-7ff93400d000 r-xp 00004000 103:07 14291262                  /usr/lib/jvm/java-17-openjdk-amd64/lib/libverify.so
7ff93400d000-7ff93400f000 r--p 0000b000 103:07 14291262                  /usr/lib/jvm/java-17-openjdk-amd64/lib/libverify.so
7ff93400f000-7ff934010000 ---p 0000d000 103:07 14291262                  /usr/lib/jvm/java-17-openjdk-amd64/lib/libverify.so
7ff934010000-7ff934012000 r--p 0000d000 103:07 14291262                  /usr/lib/jvm/java-17-openjdk-amd64/lib/libverify.so
7ff934012000-7ff934013000 rw-p 0000f000 103:07 14291262                  /usr/lib/jvm/java-17-openjdk-amd64/lib/libverify.so
7ff934013000-7ff934014000 ---p 00000000 00:00 0 
7ff934014000-7ff934115000 rw-p 00000000 00:00 0 
7ff934115000-7ff934116000 ---p 00000000 00:00 0 
7ff934116000-7ff934395000 rw-p 00000000 00:00 0 
7ff934395000-7ff93523b000 ---p 00000000 00:00 0 
7ff93523b000-7ff935c8d000 rw-p 00000000 00:00 0 
7ff935c8d000-7ff935d73000 ---p 00000000 00:00 0 
7ff935d73000-7ff935d79000 rw-p 00000000 00:00 0 
7ff935d79000-7ff935e5e000 ---p 00000000 00:00 0 
7ff935e5e000-7ff935e63000 rw-p 00000000 00:00 0 
7ff935e63000-7ff935e6a000 ---p 00000000 00:00 0 
7ff935e6a000-7ff935e76000 r--p 00000000 103:07 14291242                  /usr/lib/jvm/java-17-openjdk-amd64/lib/libjava.so
7ff935e76000-7ff935e89000 r-xp 0000c000 103:07 14291242                  /usr/lib/jvm/java-17-openjdk-amd64/lib/libjava.so
7ff935e89000-7ff935e8f000 r--p 0001f000 103:07 14291242                  /usr/lib/jvm/java-17-openjdk-amd64/lib/libjava.so
7ff935e8f000-7ff935e90000 ---p 00025000 103:07 14291242                  /usr/lib/jvm/java-17-openjdk-amd64/lib/libjava.so
7ff935e90000-7ff935e91000 r--p 00025000 103:07 14291242                  /usr/lib/jvm/java-17-openjdk-amd64/lib/libjava.so
7ff935e91000-7ff935e92000 rw-p 00026000 103:07 14291242                  /usr/lib/jvm/java-17-openjdk-amd64/lib/libjava.so
7ff935e92000-7ff935e93000 rw-p 00000000 00:00 0 
7ff935e93000-7ff935e96000 r--p 00000000 103:07 14163999                  /usr/lib/x86_64-linux-gnu/libnss_files-2.31.so
7ff935e96000-7ff935e9d000 r-xp 00003000 103:07 14163999                  /usr/lib/x86_64-linux-gnu/libnss_files-2.31.so
7ff935e9d000-7ff935e9f000 r--p 0000a000 103:07 14163999                  /usr/lib/x86_64-linux-gnu/libnss_files-2.31.so
7ff935e9f000-7ff935ea0000 r--p 0000b000 103:07 14163999                  /usr/lib/x86_64-linux-gnu/libnss_files-2.31.so
7ff935ea0000-7ff935ea1000 rw-p 0000c000 103:07 14163999                  /usr/lib/x86_64-linux-gnu/libnss_files-2.31.so
7ff935ea1000-7ff935ea7000 rw-p 00000000 00:00 0 
7ff935ea8000-7ff935ea9000 r--p 00000000 103:07 14164413                  /usr/lib/x86_64-linux-gnu/libutil-2.31.so
7ff935ea9000-7ff935eaa000 r-xp 00001000 103:07 14164413                  /usr/lib/x86_64-linux-gnu/libutil-2.31.so
7ff935eaa000-7ff935eab000 r--p 00002000 103:07 14164413                  /usr/lib/x86_64-linux-gnu/libutil-2.31.so
7ff935eab000-7ff935eac000 r--p 00002000 103:07 14164413                  /usr/lib/x86_64-linux-gnu/libutil-2.31.so
7ff935eac000-7ff935ead000 rw-p 00003000 103:07 14164413                  /usr/lib/x86_64-linux-gnu/libutil-2.31.so
7ff935ead000-7ff935eaf000 r--s 0000c000 103:07 14945779                  /usr/share/java/java-atk-wrapper.jar
7ff935eaf000-7ff935eb1000 r--p 00000000 103:07 14291263                  /usr/lib/jvm/java-17-openjdk-amd64/lib/libzip.so
7ff935eb1000-7ff935eb6000 r-xp 00002000 103:07 14291263                  /usr/lib/jvm/java-17-openjdk-amd64/lib/libzip.so
7ff935eb6000-7ff935eb8000 r--p 00007000 103:07 14291263                  /usr/lib/jvm/java-17-openjdk-amd64/lib/libzip.so
7ff935eb8000-7ff935eb9000 r--p 00008000 103:07 14291263                  /usr/lib/jvm/java-17-openjdk-amd64/lib/libzip.so
7ff935eb9000-7ff935eba000 rw-p 00009000 103:07 14291263                  /usr/lib/jvm/java-17-openjdk-amd64/lib/libzip.so
7ff935eba000-7ff935ebe000 ---p 00000000 00:00 0 
7ff935ebe000-7ff935fbb000 rw-p 00000000 00:00 0 
7ff935fbb000-7ff935fbe000 r--p 00000000 103:07 14163517                  /usr/lib/x86_64-linux-gnu/libgcc_s.so.1
7ff935fbe000-7ff935fd0000 r-xp 00003000 103:07 14163517                  /usr/lib/x86_64-linux-gnu/libgcc_s.so.1
7ff935fd0000-7ff935fd4000 r--p 00015000 103:07 14163517                  /usr/lib/x86_64-linux-gnu/libgcc_s.so.1
7ff935fd4000-7ff935fd5000 r--p 00018000 103:07 14163517                  /usr/lib/x86_64-linux-gnu/libgcc_s.so.1
7ff935fd5000-7ff935fd6000 rw-p 00019000 103:07 14163517                  /usr/lib/x86_64-linux-gnu/libgcc_s.so.1
7ff935fd6000-7ff935fe5000 r--p 00000000 103:07 14163876                  /usr/lib/x86_64-linux-gnu/libm-2.31.so
7ff935fe5000-7ff93608c000 r-xp 0000f000 103:07 14163876                  /usr/lib/x86_64-linux-gnu/libm-2.31.so
7ff93608c000-7ff936123000 r--p 000b6000 103:07 14163876                  /usr/lib/x86_64-linux-gnu/libm-2.31.so
7ff936123000-7ff936124000 r--p 0014c000 103:07 14163876                  /usr/lib/x86_64-linux-gnu/libm-2.31.so
7ff936124000-7ff936125000 rw-p 0014d000 103:07 14163876                  /usr/lib/x86_64-linux-gnu/libm-2.31.so
7ff936125000-7ff9361bb000 r--p 00000000 103:07 14164306                  /usr/lib/x86_64-linux-gnu/libstdc++.so.6.0.28
7ff9361bb000-7ff9362ac000 r-xp 00096000 103:07 14164306                  /usr/lib/x86_64-linux-gnu/libstdc++.so.6.0.28
7ff9362ac000-7ff9362f5000 r--p 00187000 103:07 14164306                  /usr/lib/x86_64-linux-gnu/libstdc++.so.6.0.28
7ff9362f5000-7ff9362f6000 ---p 001d0000 103:07 14164306                  /usr/lib/x86_64-linux-gnu/libstdc++.so.6.0.28
7ff9362f6000-7ff936301000 r--p 001d0000 103:07 14164306                  /usr/lib/x86_64-linux-gnu/libstdc++.so.6.0.28
7ff936301000-7ff936304000 rw-p 001db000 103:07 14164306                  /usr/lib/x86_64-linux-gnu/libstdc++.so.6.0.28
7ff936304000-7ff936307000 rw-p 00000000 00:00 0 
7ff936307000-7ff936556000 r--p 00000000 103:07 14291270                  /usr/lib/jvm/java-17-openjdk-amd64/lib/server/libjvm.so
7ff936556000-7ff9372e6000 r-xp 0024f000 103:07 14291270                  /usr/lib/jvm/java-17-openjdk-amd64/lib/server/libjvm.so
7ff9372e6000-7ff93756a000 r--p 00fdf000 103:07 14291270                  /usr/lib/jvm/java-17-openjdk-amd64/lib/server/libjvm.so
7ff93756a000-7ff93756b000 ---p 01263000 103:07 14291270                  /usr/lib/jvm/java-17-openjdk-amd64/lib/server/libjvm.so
7ff93756b000-7ff937623000 r--p 01263000 103:07 14291270                  /usr/lib/jvm/java-17-openjdk-amd64/lib/server/libjvm.so
7ff937623000-7ff937657000 rw-p 0131b000 103:07 14291270                  /usr/lib/jvm/java-17-openjdk-amd64/lib/server/libjvm.so
7ff937657000-7ff9376b3000 rw-p 00000000 00:00 0 
7ff9376b3000-7ff9376ba000 r--p 00000000 103:07 14164143                  /usr/lib/x86_64-linux-gnu/libpthread-2.31.so
7ff9376ba000-7ff9376cb000 r-xp 00007000 103:07 14164143                  /usr/lib/x86_64-linux-gnu/libpthread-2.31.so
7ff9376cb000-7ff9376d0000 r--p 00018000 103:07 14164143                  /usr/lib/x86_64-linux-gnu/libpthread-2.31.so
7ff9376d0000-7ff9376d1000 r--p 0001c000 103:07 14164143                  /usr/lib/x86_64-linux-gnu/libpthread-2.31.so
7ff9376d1000-7ff9376d2000 rw-p 0001d000 103:07 14164143                  /usr/lib/x86_64-linux-gnu/libpthread-2.31.so
7ff9376d2000-7ff9376d6000 rw-p 00000000 00:00 0 
7ff9376d6000-7ff9376d7000 r--p 00000000 103:07 14163365                  /usr/lib/x86_64-linux-gnu/libdl-2.31.so
7ff9376d7000-7ff9376d9000 r-xp 00001000 103:07 14163365                  /usr/lib/x86_64-linux-gnu/libdl-2.31.so
7ff9376d9000-7ff9376da000 r--p 00003000 103:07 14163365                  /usr/lib/x86_64-linux-gnu/libdl-2.31.so
7ff9376da000-7ff9376db000 r--p 00003000 103:07 14163365                  /usr/lib/x86_64-linux-gnu/libdl-2.31.so
7ff9376db000-7ff9376dc000 rw-p 00004000 103:07 14163365                  /usr/lib/x86_64-linux-gnu/libdl-2.31.so
7ff9376dc000-7ff9376de000 r--p 00000000 103:07 14164567                  /usr/lib/x86_64-linux-gnu/libz.so.1.2.11
7ff9376de000-7ff9376ef000 r-xp 00002000 103:07 14164567                  /usr/lib/x86_64-linux-gnu/libz.so.1.2.11
7ff9376ef000-7ff9376f5000 r--p 00013000 103:07 14164567                  /usr/lib/x86_64-linux-gnu/libz.so.1.2.11
7ff9376f5000-7ff9376f6000 ---p 00019000 103:07 14164567                  /usr/lib/x86_64-linux-gnu/libz.so.1.2.11
7ff9376f6000-7ff9376f7000 r--p 00019000 103:07 14164567                  /usr/lib/x86_64-linux-gnu/libz.so.1.2.11
7ff9376f7000-7ff9376f8000 rw-p 0001a000 103:07 14164567                  /usr/lib/x86_64-linux-gnu/libz.so.1.2.11
7ff9376f8000-7ff93771d000 r--p 00000000 103:07 14163224                  /usr/lib/x86_64-linux-gnu/libc-2.31.so
7ff93771d000-7ff937895000 r-xp 00025000 103:07 14163224                  /usr/lib/x86_64-linux-gnu/libc-2.31.so
7ff937895000-7ff9378df000 r--p 0019d000 103:07 14163224                  /usr/lib/x86_64-linux-gnu/libc-2.31.so
7ff9378df000-7ff9378e0000 ---p 001e7000 103:07 14163224                  /usr/lib/x86_64-linux-gnu/libc-2.31.so
7ff9378e0000-7ff9378e3000 r--p 001e7000 103:07 14163224                  /usr/lib/x86_64-linux-gnu/libc-2.31.so
7ff9378e3000-7ff9378e6000 rw-p 001ea000 103:07 14163224                  /usr/lib/x86_64-linux-gnu/libc-2.31.so
7ff9378e6000-7ff9378ea000 rw-p 00000000 00:00 0 
7ff9378ea000-7ff9378f2000 rw-s 00000000 103:07 6816371                   /tmp/hsperfdata_coffbr01/851337
7ff9378f2000-7ff9378f3000 ---p 00000000 00:00 0 
7ff9378f3000-7ff9378f4000 r--p 00000000 00:00 0 
7ff9378f4000-7ff9378f6000 r--p 00000000 103:07 14291245                  /usr/lib/jvm/java-17-openjdk-amd64/lib/libjimage.so
7ff9378f6000-7ff9378f9000 r-xp 00002000 103:07 14291245                  /usr/lib/jvm/java-17-openjdk-amd64/lib/libjimage.so
7ff9378f9000-7ff9378fa000 r--p 00005000 103:07 14291245                  /usr/lib/jvm/java-17-openjdk-amd64/lib/libjimage.so
7ff9378fa000-7ff9378fb000 ---p 00006000 103:07 14291245                  /usr/lib/jvm/java-17-openjdk-amd64/lib/libjimage.so
7ff9378fb000-7ff9378fc000 r--p 00006000 103:07 14291245                  /usr/lib/jvm/java-17-openjdk-amd64/lib/libjimage.so
7ff9378fc000-7ff9378fd000 rw-p 00007000 103:07 14291245                  /usr/lib/jvm/java-17-openjdk-amd64/lib/libjimage.so
7ff9378fd000-7ff9378ff000 r--p 00000000 103:07 14291246                  /usr/lib/jvm/java-17-openjdk-amd64/lib/libjli.so
7ff9378ff000-7ff937909000 r-xp 00002000 103:07 14291246                  /usr/lib/jvm/java-17-openjdk-amd64/lib/libjli.so
7ff937909000-7ff93790c000 r--p 0000c000 103:07 14291246                  /usr/lib/jvm/java-17-openjdk-amd64/lib/libjli.so
7ff93790c000-7ff93790d000 ---p 0000f000 103:07 14291246                  /usr/lib/jvm/java-17-openjdk-amd64/lib/libjli.so
7ff93790d000-7ff93790e000 r--p 0000f000 103:07 14291246                  /usr/lib/jvm/java-17-openjdk-amd64/lib/libjli.so
7ff93790e000-7ff93790f000 rw-p 00010000 103:07 14291246                  /usr/lib/jvm/java-17-openjdk-amd64/lib/libjli.so
7ff93790f000-7ff937911000 rw-p 00000000 00:00 0 
7ff937911000-7ff937912000 r--p 00000000 103:07 14163008                  /usr/lib/x86_64-linux-gnu/ld-2.31.so
7ff937912000-7ff937935000 r-xp 00001000 103:07 14163008                  /usr/lib/x86_64-linux-gnu/ld-2.31.so
7ff937935000-7ff93793d000 r--p 00024000 103:07 14163008                  /usr/lib/x86_64-linux-gnu/ld-2.31.so
7ff93793d000-7ff93793e000 ---p 00000000 00:00 0 
7ff93793e000-7ff93793f000 r--p 0002c000 103:07 14163008                  /usr/lib/x86_64-linux-gnu/ld-2.31.so
7ff93793f000-7ff937940000 rw-p 0002d000 103:07 14163008                  /usr/lib/x86_64-linux-gnu/ld-2.31.so
7ff937940000-7ff937941000 rw-p 00000000 00:00 0 
7ffef6cef000-7ffef6d10000 rw-p 00000000 00:00 0                          [stack]
7ffef6d5e000-7ffef6d62000 r--p 00000000 00:00 0                          [vvar]
7ffef6d62000-7ffef6d64000 r-xp 00000000 00:00 0                          [vdso]
ffffffffff600000-ffffffffff601000 --xp 00000000 00:00 0                  [vsyscall]


VM Arguments:
jvm_args: -Dmaven.home=/home/coffbr01/dev -Dmaven.multiModuleProjectDirectory=/home/coffbr01/dev/valpower 
java_command: org.apache.maven.wrapper.MavenWrapperMain clean install
java_class_path (initial): /home/coffbr01/dev/valpower/.mvn/wrapper/maven-wrapper.jar
Launcher Type: SUN_STANDARD

[Global flags]
     intx CICompilerCount                          = 4                                         {product} {ergonomic}
     uint ConcGCThreads                            = 3                                         {product} {ergonomic}
     uint G1ConcRefinementThreads                  = 10                                        {product} {ergonomic}
   size_t G1HeapRegionSize                         = 4194304                                   {product} {ergonomic}
    uintx GCDrainStackTargetSize                   = 64                                        {product} {ergonomic}
   size_t InitialHeapSize                          = 528482304                                 {product} {ergonomic}
   size_t MarkStackSize                            = 4194304                                   {product} {ergonomic}
   size_t MaxHeapSize                              = 8401190912                                {product} {ergonomic}
   size_t MaxNewSize                               = 5037359104                                {product} {ergonomic}
   size_t MinHeapDeltaBytes                        = 4194304                                   {product} {ergonomic}
   size_t MinHeapSize                              = 8388608                                   {product} {ergonomic}
    uintx NonNMethodCodeHeapSize                   = 5839372                                {pd product} {ergonomic}
    uintx NonProfiledCodeHeapSize                  = 122909434                              {pd product} {ergonomic}
    uintx ProfiledCodeHeapSize                     = 122909434                              {pd product} {ergonomic}
    uintx ReservedCodeCacheSize                    = 251658240                              {pd product} {ergonomic}
     bool SegmentedCodeCache                       = true                                      {product} {ergonomic}
   size_t SoftMaxHeapSize                          = 8401190912                             {manageable} {ergonomic}
     bool UseCompressedClassPointers               = true                           {product lp64_product} {ergonomic}
     bool UseCompressedOops                        = true                           {product lp64_product} {ergonomic}
     bool UseG1GC                                  = true                                      {product} {ergonomic}

Logging:
Log output configuration:
 #0: stdout all=warning uptime,level,tags
 #1: stderr all=off uptime,level,tags

Environment Variables:
JAVA_HOME=/usr/lib/jvm/java-17-openjdk-amd64
PATH=/home/coffbr01/bin:/usr/local/sbin:/usr/local/bin:/usr/sbin:/usr/bin:/sbin:/bin:/usr/games:/usr/local/games:/snap/bin
USERNAME=coffbr01
SHELL=/bin/bash
DISPLAY=:1
LANG=en_US.UTF-8

Signal Handlers:
   SIGSEGV: 0x00007ff937263cd0 in libjvm.so+16108752, mask=11100100010111111101111111111110, flags=SA_RESTART|SA_SIGINFO
    SIGBUS: 0x00007ff937263cd0 in libjvm.so+16108752, mask=11100100010111111101111111111110, flags=SA_RESTART|SA_SIGINFO
    SIGFPE: 0x00007ff937263cd0 in libjvm.so+16108752, mask=11100100010111111101111111111110, flags=SA_RESTART|SA_SIGINFO
   SIGPIPE: 0x00007ff937106140 in libjvm.so+14676288, mask=11100100010111111101111111111110, flags=SA_RESTART|SA_SIGINFO
   SIGXFSZ: 0x00007ff937106140 in libjvm.so+14676288, mask=11100100010111111101111111111110, flags=SA_RESTART|SA_SIGINFO
    SIGILL: 0x00007ff937263cd0 in libjvm.so+16108752, mask=11100100010111111101111111111110, flags=SA_RESTART|SA_SIGINFO
   SIGUSR2: 0x00007ff9371057d0 in libjvm.so+14673872, mask=00100000000000000000000000000000, flags=SA_RESTART|SA_SIGINFO
    SIGHUP: 0x00007ff937105710 in libjvm.so+14673680, mask=11100100010111111101111111111110, flags=SA_RESTART|SA_SIGINFO
    SIGINT: 0x00007ff937105710 in libjvm.so+14673680, mask=11100100010111111101111111111110, flags=SA_RESTART|SA_SIGINFO
   SIGTERM: 0x00007ff937105710 in libjvm.so+14673680, mask=11100100010111111101111111111110, flags=SA_RESTART|SA_SIGINFO
   SIGQUIT: 0x00007ff937105710 in libjvm.so+14673680, mask=11100100010111111101111111111110, flags=SA_RESTART|SA_SIGINFO
   SIGTRAP: 0x00007ff937263cd0 in libjvm.so+16108752, mask=11100100010111111101111111111110, flags=SA_RESTART|SA_SIGINFO


---------------  S Y S T E M  ---------------

OS:
DISTRIB_ID=Ubuntu
DISTRIB_RELEASE=20.04
DISTRIB_CODENAME=focal
DISTRIB_DESCRIPTION="Ubuntu 20.04.3 LTS"
uname: Linux 5.11.0-38-generic #42~20.04.1-Ubuntu SMP Tue Sep 28 20:41:07 UTC 2021 x86_64
OS uptime: 10 days 12:03 hours
libc: glibc 2.31 NPTL 2.31 
rlimit (soft/hard): STACK 8192k/infinity , CORE 0k/infinity , NPROC 127908/127908 , NOFILE 1048576/1048576 , AS infinity/infinity , CPU infinity/infinity , DATA infinity/infinity , FSIZE infinity/infinity , MEMLOCK 65536k/65536k
load average: 1.77 1.65 1.65

/proc/meminfo:
MemTotal:       32803948 kB
MemFree:         1189588 kB
MemAvailable:   21994684 kB
Buffers:         6207324 kB
Cached:         13904660 kB
SwapCached:         4036 kB
Active:          7215620 kB
Inactive:       22060508 kB
Active(anon):      50920 kB
Inactive(anon):  9271896 kB
Active(file):    7164700 kB
Inactive(file): 12788612 kB
Unevictable:          48 kB
Mlocked:              48 kB
SwapTotal:       2097148 kB
SwapFree:        2062332 kB
Dirty:             16540 kB
Writeback:             8 kB
AnonPages:       9157816 kB
Mapped:          2640644 kB
Shmem:            270180 kB
KReclaimable:    1315596 kB
Slab:            1624988 kB
SReclaimable:    1315596 kB
SUnreclaim:       309392 kB
KernelStack:       37680 kB
PageTables:        93744 kB
NFS_Unstable:          0 kB
Bounce:                0 kB
WritebackTmp:          0 kB
CommitLimit:    18499120 kB
Committed_AS:   28329132 kB
VmallocTotal:   34359738367 kB
VmallocUsed:      116632 kB
VmallocChunk:          0 kB
Percpu:            46976 kB
HardwareCorrupted:     0 kB
AnonHugePages:     47104 kB
ShmemHugePages:        0 kB
ShmemPmdMapped:        0 kB
FileHugePages:         0 kB
FilePmdMapped:         0 kB
HugePages_Total:       0
HugePages_Free:        0
HugePages_Rsvd:        0
HugePages_Surp:        0
Hugepagesize:       2048 kB
Hugetlb:               0 kB
DirectMap4k:    14977640 kB
DirectMap2M:    18501632 kB
DirectMap1G:     1048576 kB

/sys/kernel/mm/transparent_hugepage/enabled: always [madvise] never
/sys/kernel/mm/transparent_hugepage/defrag (defrag/compaction efforts parameter): always defer defer+madvise [madvise] never

Process Memory:
Virtual Size: 11993308K (peak: 11997376K)
Resident Set Size: 110828K (peak: 110828K) (anon: 82356K, file: 28472K, shmem: 0K)
Swapped out: 0K
C-Heap outstanding allocations: 19205K

/proc/sys/kernel/threads-max (system-wide limit on the number of threads): 255817
/proc/sys/vm/max_map_count (maximum number of memory map areas a process may have): 65530
/proc/sys/kernel/pid_max (system-wide limit on number of process identifiers): 4194304

container (cgroup) information:
container_type: cgroupv1
cpu_cpuset_cpus: 0-11
cpu_memory_nodes: 0
active_processor_count: 12
cpu_quota: no quota
cpu_period: 100000
cpu_shares: no shares
memory_limit_in_bytes: unlimited
memory_and_swap_limit_in_bytes: unlimited
memory_soft_limit_in_bytes: unlimited
memory_usage_in_bytes: 11447963648
memory_max_usage_in_bytes: 12492152832

Steal ticks since vm start: 0
Steal ticks percentage since vm start:  0.000

CPU: total 12 (initial active 12) (12 cores per cpu, 2 threads per core) family 25 model 33 stepping 0 microcode 0xa201009, cx8, cmov, fxsr, ht, mmx, 3dnowpref, sse, sse2, sse3, ssse3, sse4a, sse4.1, sse4.2, popcnt, lzcnt, tsc, tscinvbit, avx, avx2, aes, erms, clmul, bmi1, bmi2, adx, sha, fma, vzeroupper, clflush, clflushopt
CPU Model and flags from /proc/cpuinfo:
model name	: AMD Ryzen 5 5600X 6-Core Processor
flags		: fpu vme de pse tsc msr pae mce cx8 apic sep mtrr pge mca cmov pat pse36 clflush mmx fxsr sse sse2 ht syscall nx mmxext fxsr_opt pdpe1gb rdtscp lm constant_tsc rep_good nopl nonstop_tsc cpuid extd_apicid aperfmperf pni pclmulqdq monitor ssse3 fma cx16 sse4_1 sse4_2 movbe popcnt aes xsave avx f16c rdrand lahf_lm cmp_legacy svm extapic cr8_legacy abm sse4a misalignsse 3dnowprefetch osvw ibs skinit wdt tce topoext perfctr_core perfctr_nb bpext perfctr_llc mwaitx cpb cat_l3 cdp_l3 hw_pstate ssbd mba ibrs ibpb stibp vmmcall fsgsbase bmi1 avx2 smep bmi2 erms invpcid cqm rdt_a rdseed adx smap clflushopt clwb sha_ni xsaveopt xsavec xgetbv1 xsaves cqm_llc cqm_occup_llc cqm_mbm_total cqm_mbm_local clzero irperf xsaveerptr rdpru wbnoinvd arat npt lbrv svm_lock nrip_save tsc_scale vmcb_clean flushbyasid decodeassists pausefilter pfthreshold avic v_vmsave_vmload vgif umip pku ospke vaes vpclmulqdq rdpid overflow_recov succor smca fsrm

Online cpus: 0-11
Offline cpus: 12-31
BIOS frequency limitation: 3700000
Frequency switch latency (ns): 0
Available cpu frequencies: 3700000 2800000 2200000 
Current governor: ondemand
Core performance/turbo boost: 1

Memory: 4k page, physical 32803948k(1189296k free), swap 2097148k(2062332k free)
Page Sizes: 4k

vm_info: OpenJDK 64-Bit Server VM (17+35-Ubuntu-120.04) for linux-amd64 JRE (17+35-Ubuntu-120.04), built on Sep 15 2021 10:18:39 by "unknown" with gcc 9.3.0

END.
